[01m[K/home/ieee/justbaked/justbaked/src/robot_bringup/src/waypoint_nav.cpp:155:2:[m[K [01;31m[Kerror: [m[Kexpected â€˜[01m[K}[m[Kâ€™ at end of input
  155 | }
      |  [01;31m[K^[m[K
[01m[K/home/ieee/justbaked/justbaked/src/robot_bringup/src/waypoint_nav.cpp:10:45:[m[K [01;36m[Knote: [m[Kto match this â€˜[01m[K{[m[Kâ€™
   10 | class WaypointNavNode : public rclcpp::Node [01;36m[K{[m[K
      |                                             [01;36m[K^[m[K
[01m[K/home/ieee/justbaked/justbaked/src/robot_bringup/src/waypoint_nav.cpp:[m[K In member function â€˜[01m[Kvoid WaypointNavNode::[01;32m[Khome_result_cb[m[K(const rclcpp_action::ClientGoalHandle<nav2_msgs::action::NavigateToPose>::WrappedResult&)[m[Kâ€™:
[01m[K/home/ieee/justbaked/justbaked/src/robot_bringup/src/waypoint_nav.cpp:143:7:[m[K [01;31m[Kerror: [m[Kâ€˜[01m[Ksave_map[m[Kâ€™ was not declared in this scope
  143 |       [01;31m[Ksave_map[m[K();
      |       [01;31m[K^~~~~~~~[m[K
[01m[K/home/ieee/justbaked/justbaked/src/robot_bringup/src/waypoint_nav.cpp:[m[K At global scope:
[01m[K/home/ieee/justbaked/justbaked/src/robot_bringup/src/waypoint_nav.cpp:155:2:[m[K [01;31m[Kerror: [m[Kexpected unqualified-id at end of input
  155 | }
      |  [01;31m[K^[m[K
gmake[2]: *** [CMakeFiles/waypoint_nav_cpp.dir/build.make:76: CMakeFiles/waypoint_nav_cpp.dir/src/waypoint_nav.cpp.o] Error 1
gmake[1]: *** [CMakeFiles/Makefile2:139: CMakeFiles/waypoint_nav_cpp.dir/all] Error 2
gmake: *** [Makefile:146: all] Error 2
