[0.035s] Invoking command in '/home/ieee/justbaked/justbaked/build/robot_bringup': CMAKE_PREFIX_PATH=${CMAKE_PREFIX_PATH}:/home/ieee/justbaked/justbaked/install/temp_sens:/opt/ros/jazzy DEBUGINFOD_URLS=https://debuginfod.ubuntu.com /usr/bin/cmake --build /home/ieee/justbaked/justbaked/build/robot_bringup -- -j4 -l4
[0.434s] [ 50%] Built target determine_fire_location
[0.435s] [ 75%] [32mBuilding CXX object CMakeFiles/waypoint_nav_cpp.dir/src/waypoint_nav.cpp.o[0m
[4.625s] [01m[K/home/ieee/justbaked/justbaked/src/robot_bringup/src/waypoint_nav.cpp:155:2:[m[K [01;31m[Kerror: [m[Kexpected â€˜[01m[K}[m[Kâ€™ at end of input
[4.625s]   155 | }
[4.625s]       |  [01;31m[K^[m[K
[4.625s] [01m[K/home/ieee/justbaked/justbaked/src/robot_bringup/src/waypoint_nav.cpp:10:45:[m[K [01;36m[Knote: [m[Kto match this â€˜[01m[K{[m[Kâ€™
[4.625s]    10 | class WaypointNavNode : public rclcpp::Node [01;36m[K{[m[K
[4.625s]       |                                             [01;36m[K^[m[K
[4.683s] [01m[K/home/ieee/justbaked/justbaked/src/robot_bringup/src/waypoint_nav.cpp:[m[K In member function â€˜[01m[Kvoid WaypointNavNode::[01;32m[Khome_result_cb[m[K(const rclcpp_action::ClientGoalHandle<nav2_msgs::action::NavigateToPose>::WrappedResult&)[m[Kâ€™:
[4.684s] [01m[K/home/ieee/justbaked/justbaked/src/robot_bringup/src/waypoint_nav.cpp:143:7:[m[K [01;31m[Kerror: [m[Kâ€˜[01m[Ksave_map[m[Kâ€™ was not declared in this scope
[4.684s]   143 |       [01;31m[Ksave_map[m[K();
[4.684s]       |       [01;31m[K^~~~~~~~[m[K
[4.688s] [01m[K/home/ieee/justbaked/justbaked/src/robot_bringup/src/waypoint_nav.cpp:[m[K At global scope:
[4.688s] [01m[K/home/ieee/justbaked/justbaked/src/robot_bringup/src/waypoint_nav.cpp:155:2:[m[K [01;31m[Kerror: [m[Kexpected unqualified-id at end of input
[4.688s]   155 | }
[4.688s]       |  [01;31m[K^[m[K
[6.683s] gmake[2]: *** [CMakeFiles/waypoint_nav_cpp.dir/build.make:76: CMakeFiles/waypoint_nav_cpp.dir/src/waypoint_nav.cpp.o] Error 1
[6.683s] gmake[1]: *** [CMakeFiles/Makefile2:139: CMakeFiles/waypoint_nav_cpp.dir/all] Error 2
[6.684s] gmake: *** [Makefile:146: all] Error 2
[6.687s] Invoked command in '/home/ieee/justbaked/justbaked/build/robot_bringup' returned '2': CMAKE_PREFIX_PATH=${CMAKE_PREFIX_PATH}:/home/ieee/justbaked/justbaked/install/temp_sens:/opt/ros/jazzy DEBUGINFOD_URLS=https://debuginfod.ubuntu.com /usr/bin/cmake --build /home/ieee/justbaked/justbaked/build/robot_bringup -- -j4 -l4
