[0.018s] Invoking command in '/home/lsw155linuxbox/justbaked/justbaked/build/tempsens': DEBUGINFOD_URLS=https://debuginfod.ubuntu.com /usr/bin/cmake --build /home/lsw155linuxbox/justbaked/justbaked/build/tempsens -- -j8 -l8
[0.231s] -- Found ament_cmake: 2.5.3 (/opt/ros/jazzy/share/ament_cmake/cmake)
[35.675s] Traceback (most recent call last):
[35.675s]   File "/opt/ros/jazzy/share/ament_cmake_core/cmake/package_templates/templates_2_cmake.py", line 21, in <module>
[35.675s]     from ament_package.templates import get_environment_hook_template_path
[35.676s] ModuleNotFoundError: No module named 'ament_package'
[35.726s] [31mCMake Error at /opt/ros/jazzy/share/ament_cmake_core/cmake/ament_cmake_package_templates-extras.cmake:41 (message):
[35.727s]   execute_process(/usr/bin/python3
[35.727s]   /opt/ros/jazzy/share/ament_cmake_core/cmake/package_templates/templates_2_cmake.py
[35.727s]   /home/lsw155linuxbox/justbaked/justbaked/build/tempsens/ament_cmake_package_templates/templates.cmake)
[35.727s]   returned error code 1
[35.728s] Call Stack (most recent call first):
[35.728s]   /opt/ros/jazzy/share/ament_cmake_core/cmake/ament_cmake_coreConfig.cmake:41 (include)
[35.729s]   /opt/ros/jazzy/share/ament_cmake/cmake/ament_cmake_export_dependencies-extras.cmake:15 (find_package)
[35.729s]   /opt/ros/jazzy/share/ament_cmake/cmake/ament_cmakeConfig.cmake:41 (include)
[35.729s]   CMakeLists.txt:9 (find_package)
[35.729s] 
[35.730s] [0m
[35.730s] -- Configuring incomplete, errors occurred!
[35.730s] gmake: *** [Makefile:226: cmake_check_build_system] Error 1
