[0.016s] Invoking command in '/home/lsw155linuxbox/justbaked/justbaked/build/robdesc': DEBUGINFOD_URLS=https://debuginfod.ubuntu.com /usr/bin/cmake --build /home/lsw155linuxbox/justbaked/justbaked/build/robdesc -- -j8 -l8
[0.233s] -- Found ament_cmake: 2.5.3 (/opt/ros/jazzy/share/ament_cmake/cmake)
[35.676s] Traceback (most recent call last):
[35.676s]   File "/opt/ros/jazzy/share/ament_cmake_core/cmake/package_templates/templates_2_cmake.py", line 21, in <module>
[35.677s]     from ament_package.templates import get_environment_hook_template_path
[35.677s] ModuleNotFoundError: No module named 'ament_package'
[35.723s] [31mCMake Error at /opt/ros/jazzy/share/ament_cmake_core/cmake/ament_cmake_package_templates-extras.cmake:41 (message):
[35.724s]   execute_process(/usr/bin/python3
[35.724s]   /opt/ros/jazzy/share/ament_cmake_core/cmake/package_templates/templates_2_cmake.py
[35.724s]   /home/lsw155linuxbox/justbaked/justbaked/build/robdesc/ament_cmake_package_templates/templates.cmake)
[35.724s]   returned error code 1
[35.724s] Call Stack (most recent call first):
[35.725s]   /opt/ros/jazzy/share/ament_cmake_core/cmake/ament_cmake_coreConfig.cmake:41 (include)
[35.725s]   /opt/ros/jazzy/share/ament_cmake/cmake/ament_cmake_export_dependencies-extras.cmake:15 (find_package)
[35.725s]   /opt/ros/jazzy/share/ament_cmake/cmake/ament_cmakeConfig.cmake:41 (include)
[35.725s]   CMakeLists.txt:19 (find_package)
[35.725s] 
[35.725s] [0m
[35.726s] -- Configuring incomplete, errors occurred!
[35.727s] gmake: *** [Makefile:226: cmake_check_build_system] Error 1
[35.732s] Invoked command in '/home/lsw155linuxbox/justbaked/justbaked/build/robdesc' returned '2': DEBUGINFOD_URLS=https://debuginfod.ubuntu.com /usr/bin/cmake --build /home/lsw155linuxbox/justbaked/justbaked/build/robdesc -- -j8 -l8
