[0.019s] Invoking command in '/home/ieee/justbaked/justbaked/build/robot_bringup': DEBUGINFOD_URLS=https://debuginfod.ubuntu.com /usr/bin/cmake --build /home/ieee/justbaked/justbaked/build/robot_bringup -- -j4 -l4
[0.357s] -- Found ament_cmake: 2.5.3 (/opt/ros/jazzy/share/ament_cmake/cmake)
[6.392s] Traceback (most recent call last):
[6.392s]   File "/opt/ros/jazzy/share/ament_cmake_core/cmake/package_templates/templates_2_cmake.py", line 21, in <module>
[6.393s]     from ament_package.templates import get_environment_hook_template_path
[6.393s] ModuleNotFoundError: No module named 'ament_package'
[6.458s] [31mCMake Error at /opt/ros/jazzy/share/ament_cmake_core/cmake/ament_cmake_package_templates-extras.cmake:41 (message):
[6.458s]   execute_process(/usr/bin/python3
[6.458s]   /opt/ros/jazzy/share/ament_cmake_core/cmake/package_templates/templates_2_cmake.py
[6.458s]   /home/ieee/justbaked/justbaked/build/robot_bringup/ament_cmake_package_templates/templates.cmake)
[6.459s]   returned error code 1
[6.459s] Call Stack (most recent call first):
[6.459s]   /opt/ros/jazzy/share/ament_cmake_core/cmake/ament_cmake_coreConfig.cmake:41 (include)
[6.459s]   /opt/ros/jazzy/share/ament_cmake/cmake/ament_cmake_export_dependencies-extras.cmake:15 (find_package)
[6.459s]   /opt/ros/jazzy/share/ament_cmake/cmake/ament_cmakeConfig.cmake:41 (include)
[6.459s]   CMakeLists.txt:18 (find_package)
[6.459s] 
[6.459s] [0m
[6.459s] -- Configuring incomplete, errors occurred!
[6.464s] gmake: *** [Makefile:308: cmake_check_build_system] Error 1
[6.467s] Invoked command in '/home/ieee/justbaked/justbaked/build/robot_bringup' returned '2': DEBUGINFOD_URLS=https://debuginfod.ubuntu.com /usr/bin/cmake --build /home/ieee/justbaked/justbaked/build/robot_bringup -- -j4 -l4
