[0.017s] Invoking command in '/home/lsw155linuxbox/justbaked/justbaked/build/gazebo': DEBUGINFOD_URLS=https://debuginfod.ubuntu.com /usr/bin/cmake --build /home/lsw155linuxbox/justbaked/justbaked/build/gazebo -- -j8 -l8
[0.238s] -- Found ament_cmake: 2.5.3 (/opt/ros/jazzy/share/ament_cmake/cmake)
[35.679s] Traceback (most recent call last):
[35.679s]   File "/opt/ros/jazzy/share/ament_cmake_core/cmake/package_templates/templates_2_cmake.py", line 21, in <module>
[35.680s]     from ament_package.templates import get_environment_hook_template_path
[35.680s] ModuleNotFoundError: No module named 'ament_package'
[35.680s] Error in sys.excepthook:
[35.680s] Traceback (most recent call last):
[35.681s]   File "/usr/lib/python3/dist-packages/apport_python_hook.py", line 228, in partial_apport_excepthook
[35.692s]     return apport_excepthook(binary, exc_type, exc_obj, exc_tb)
[35.692s]            ^^^^^^^^^^^^^^^^^^^^^^^^^^^^^^^^^^^^^^^^^^^^^^^^^^^^
[35.693s]   File "/usr/lib/python3/dist-packages/apport_python_hook.py", line 144, in apport_excepthook
[35.693s]     os.open(pr_filename, os.O_WRONLY | os.O_CREAT | os.O_EXCL, 0o640), "wb"
[35.693s]     ^^^^^^^^^^^^^^^^^^^^^^^^^^^^^^^^^^^^^^^^^^^^^^^^^^^^^^^^^^^^^^^^^
[35.693s] FileExistsError: [Errno 17] File exists: '/var/crash/_opt_ros_jazzy_share_ament_cmake_core_cmake_package_templates_templates_2_cmake.py.1000.crash'
[35.693s] 
[35.693s] Original exception was:
[35.694s] Traceback (most recent call last):
[35.694s]   File "/opt/ros/jazzy/share/ament_cmake_core/cmake/package_templates/templates_2_cmake.py", line 21, in <module>
[35.694s]     from ament_package.templates import get_environment_hook_template_path
[35.694s] ModuleNotFoundError: No module named 'ament_package'
[35.741s] [31mCMake Error at /opt/ros/jazzy/share/ament_cmake_core/cmake/ament_cmake_package_templates-extras.cmake:41 (message):
[35.741s]   execute_process(/usr/bin/python3
[35.741s]   /opt/ros/jazzy/share/ament_cmake_core/cmake/package_templates/templates_2_cmake.py
[35.741s]   /home/lsw155linuxbox/justbaked/justbaked/build/gazebo/ament_cmake_package_templates/templates.cmake)
[35.741s]   returned error code 1
[35.741s] Call Stack (most recent call first):
[35.742s]   /opt/ros/jazzy/share/ament_cmake_core/cmake/ament_cmake_coreConfig.cmake:41 (include)
[35.742s]   /opt/ros/jazzy/share/ament_cmake/cmake/ament_cmake_export_dependencies-extras.cmake:15 (find_package)
[35.742s]   /opt/ros/jazzy/share/ament_cmake/cmake/ament_cmakeConfig.cmake:41 (include)
[35.742s]   CMakeLists.txt:9 (find_package)
[35.742s] 
[35.742s] [0m
[35.742s] -- Configuring incomplete, errors occurred!
[35.745s] gmake: *** [Makefile:226: cmake_check_build_system] Error 1
