[ 50%] Built target determine_fire_location
[ 75%] [32mBuilding CXX object CMakeFiles/waypoint_nav_cpp.dir/src/waypoint_nav.cpp.o[0m
[01m[K/home/ieee/justbaked/justbaked/src/robot_bringup/src/waypoint_nav.cpp:147:2:[m[K [01;31m[Kerror: [m[Kexpected â€˜[01m[K;[m[Kâ€™ after class definition
  147 | }
      |  [01;31m[K^[m[K
      |  [32m[K;[m[K
gmake[2]: *** [CMakeFiles/waypoint_nav_cpp.dir/build.make:76: CMakeFiles/waypoint_nav_cpp.dir/src/waypoint_nav.cpp.o] Error 1
gmake[1]: *** [CMakeFiles/Makefile2:139: CMakeFiles/waypoint_nav_cpp.dir/all] Error 2
gmake: *** [Makefile:146: all] Error 2
