[0.020s] Invoking command in '/home/ieee/justbaked/justbaked/build/robot_bringup': DEBUGINFOD_URLS=https://debuginfod.ubuntu.com /usr/bin/cmake --build /home/ieee/justbaked/justbaked/build/robot_bringup -- -j4 -l4
[0.369s] -- Found ament_cmake: 2.5.3 (/opt/ros/jazzy/share/ament_cmake/cmake)
[7.259s] Traceback (most recent call last):
[7.259s]   File "/opt/ros/jazzy/share/ament_cmake_core/cmake/package_templates/templates_2_cmake.py", line 21, in <module>
[7.259s]     from ament_package.templates import get_environment_hook_template_path
[7.259s] ModuleNotFoundError: No module named 'ament_package'
[7.345s] [31mCMake Error at /opt/ros/jazzy/share/ament_cmake_core/cmake/ament_cmake_package_templates-extras.cmake:41 (message):
[7.345s]   execute_process(/usr/bin/python3
[7.345s]   /opt/ros/jazzy/share/ament_cmake_core/cmake/package_templates/templates_2_cmake.py
[7.345s]   /home/ieee/justbaked/justbaked/build/robot_bringup/ament_cmake_package_templates/templates.cmake)
[7.346s]   returned error code 1
[7.346s] Call Stack (most recent call first):
[7.346s]   /opt/ros/jazzy/share/ament_cmake_core/cmake/ament_cmake_coreConfig.cmake:41 (include)
[7.346s]   /opt/ros/jazzy/share/ament_cmake/cmake/ament_cmake_export_dependencies-extras.cmake:15 (find_package)
[7.346s]   /opt/ros/jazzy/share/ament_cmake/cmake/ament_cmakeConfig.cmake:41 (include)
[7.346s]   CMakeLists.txt:18 (find_package)
[7.346s] 
[7.346s] [0m
[7.346s] -- Configuring incomplete, errors occurred!
[7.351s] gmake: *** [Makefile:308: cmake_check_build_system] Error 1
[7.356s] Invoked command in '/home/ieee/justbaked/justbaked/build/robot_bringup' returned '2': DEBUGINFOD_URLS=https://debuginfod.ubuntu.com /usr/bin/cmake --build /home/ieee/justbaked/justbaked/build/robot_bringup -- -j4 -l4
